{"/home/victor/Documents/projeto19-drivenpass/src/app.ts": {"path":"/home/victor/Documents/projeto19-drivenpass/src/app.ts","statementMap":{"0":{"start":{"line":1,"column":0},"end":{"line":1,"column":26}},"1":{"start":{"line":2,"column":0},"end":{"line":2,"column":30}},"2":{"start":{"line":3,"column":0},"end":{"line":3,"column":43}},"3":{"start":{"line":4,"column":0},"end":{"line":4,"column":24}},"4":{"start":{"line":6,"column":0},"end":{"line":6,"column":60}},"5":{"start":{"line":8,"column":0},"end":{"line":8,"column":10}},"6":{"start":{"line":10,"column":0},"end":{"line":10,"column":56}},"7":{"start":{"line":11,"column":0},"end":{"line":11,"column":57}},"8":{"start":{"line":12,"column":0},"end":{"line":12,"column":57}},"9":{"start":{"line":14,"column":12},"end":{"line":14,"column":21}},"10":{"start":{"line":15,"column":0},"end":{"line":22,"column":32}},"11":{"start":{"line":18,"column":33},"end":{"line":18,"column":48}},"12":{"start":{"line":25,"column":2},"end":{"line":25,"column":14}},"13":{"start":{"line":26,"column":2},"end":{"line":26,"column":30}},"14":{"start":{"line":24,"column":0},"end":{"line":24,"column":16}},"15":{"start":{"line":30,"column":2},"end":{"line":30,"column":23}},"16":{"start":{"line":29,"column":0},"end":{"line":29,"column":7}},"17":{"start":{"line":33,"column":0},"end":{"line":33,"column":19}}},"fnMap":{"0":{"name":"(anonymous_1)","decl":{"start":{"line":18,"column":18},"end":{"line":18,"column":19}},"loc":{"start":{"line":18,"column":33},"end":{"line":18,"column":48}}},"1":{"name":"init","decl":{"start":{"line":24,"column":16},"end":{"line":24,"column":20}},"loc":{"start":{"line":24,"column":20},"end":{"line":27,"column":1}}},"2":{"name":"close","decl":{"start":{"line":29,"column":22},"end":{"line":29,"column":27}},"loc":{"start":{"line":29,"column":27},"end":{"line":31,"column":1}}}},"branchMap":{},"s":{"0":3,"1":3,"2":3,"3":3,"4":3,"5":3,"6":3,"7":3,"8":3,"9":3,"10":3,"11":0,"12":3,"13":3,"14":3,"15":0,"16":3,"17":3},"f":{"0":0,"1":3,"2":0},"b":{}}
,"/home/victor/Documents/projeto19-drivenpass/src/server.ts": {"path":"/home/victor/Documents/projeto19-drivenpass/src/server.ts","statementMap":{"0":{"start":{"line":1,"column":0},"end":{"line":1,"column":34}},"1":{"start":{"line":2,"column":13},"end":{"line":2,"column":38}},"2":{"start":{"line":4,"column":0},"end":{"line":9,"column":3}},"3":{"start":{"line":5,"column":2},"end":{"line":8,"column":5}},"4":{"start":{"line":7,"column":4},"end":{"line":7,"column":56}}},"fnMap":{"0":{"name":"(anonymous_6)","decl":{"start":{"line":4,"column":12},"end":{"line":4,"column":15}},"loc":{"start":{"line":4,"column":17},"end":{"line":9,"column":1}}},"1":{"name":"(anonymous_7)","decl":{"start":{"line":5,"column":19},"end":{"line":5,"column":22}},"loc":{"start":{"line":5,"column":24},"end":{"line":8,"column":3}}}},"branchMap":{"0":{"loc":{"start":{"line":2,"column":13},"end":{"line":2,"column":38}},"type":"binary-expr","locations":[{"start":{"line":2,"column":13},"end":{"line":2,"column":30}},{"start":{"line":2,"column":34},"end":{"line":2,"column":38}}]}},"s":{"0":0,"1":0,"2":0,"3":0,"4":0},"f":{"0":0,"1":0},"b":{"0":[0,0]}}
,"/home/victor/Documents/projeto19-drivenpass/src/config/database.ts": {"path":"/home/victor/Documents/projeto19-drivenpass/src/config/database.ts","statementMap":{"0":{"start":{"line":1,"column":0},"end":{"line":1,"column":46}},"1":{"start":{"line":5,"column":2},"end":{"line":5,"column":30}},"2":{"start":{"line":4,"column":0},"end":{"line":4,"column":16}},"3":{"start":{"line":9,"column":2},"end":{"line":9,"column":30}},"4":{"start":{"line":8,"column":0},"end":{"line":8,"column":7}}},"fnMap":{"0":{"name":"connectDb","decl":{"start":{"line":4,"column":16},"end":{"line":4,"column":25}},"loc":{"start":{"line":4,"column":25},"end":{"line":6,"column":1}}},"1":{"name":"disconnectDB","decl":{"start":{"line":8,"column":22},"end":{"line":8,"column":34}},"loc":{"start":{"line":8,"column":34},"end":{"line":10,"column":1}}}},"branchMap":{},"s":{"0":3,"1":3,"2":3,"3":0,"4":3},"f":{"0":3,"1":0},"b":{}}
,"/home/victor/Documents/projeto19-drivenpass/src/config/envs.ts": {"path":"/home/victor/Documents/projeto19-drivenpass/src/config/envs.ts","statementMap":{"0":{"start":{"line":1,"column":0},"end":{"line":1,"column":28}},"1":{"start":{"line":2,"column":0},"end":{"line":2,"column":41}},"2":{"start":{"line":6,"column":4},"end":{"line":10,"column":14}},"3":{"start":{"line":12,"column":22},"end":{"line":12,"column":45}},"4":{"start":{"line":13,"column":2},"end":{"line":13,"column":35}},"5":{"start":{"line":4,"column":0},"end":{"line":4,"column":16}}},"fnMap":{"0":{"name":"loadEnv","decl":{"start":{"line":4,"column":16},"end":{"line":4,"column":23}},"loc":{"start":{"line":4,"column":23},"end":{"line":14,"column":1}}}},"branchMap":{"0":{"loc":{"start":{"line":6,"column":4},"end":{"line":10,"column":14}},"type":"cond-expr","locations":[{"start":{"line":7,"column":8},"end":{"line":7,"column":19}},{"start":{"line":8,"column":8},"end":{"line":10,"column":14}}]},"1":{"loc":{"start":{"line":8,"column":8},"end":{"line":10,"column":14}},"type":"cond-expr","locations":[{"start":{"line":9,"column":8},"end":{"line":9,"column":26}},{"start":{"line":10,"column":8},"end":{"line":10,"column":14}}]}},"s":{"0":3,"1":3,"2":6,"3":6,"4":6,"5":3},"f":{"0":6},"b":{"0":[6,0],"1":[0,0]}}
,"/home/victor/Documents/projeto19-drivenpass/src/config/index.ts": {"path":"/home/victor/Documents/projeto19-drivenpass/src/config/index.ts","statementMap":{"0":{"start":{"line":1,"column":0},"end":{"line":1,"column":23}},"1":{"start":{"line":2,"column":0},"end":{"line":2,"column":27}}},"fnMap":{},"branchMap":{},"s":{"0":3,"1":3},"f":{},"b":{}}
,"/home/victor/Documents/projeto19-drivenpass/src/controllers/credential-controller/index.ts": {"path":"/home/victor/Documents/projeto19-drivenpass/src/controllers/credential-controller/index.ts","statementMap":{"0":{"start":{"line":2,"column":0},"end":{"line":2,"column":62}},"1":{"start":{"line":4,"column":0},"end":{"line":4,"column":60}},"2":{"start":{"line":5,"column":0},"end":{"line":5,"column":37}},"3":{"start":{"line":8,"column":38},"end":{"line":8,"column":46}},"4":{"start":{"line":9,"column":15},"end":{"line":9,"column":30}},"5":{"start":{"line":10,"column":17},"end":{"line":10,"column":75}},"6":{"start":{"line":11,"column":2},"end":{"line":11,"column":53}},"7":{"start":{"line":7,"column":0},"end":{"line":7,"column":7}},"8":{"start":{"line":15,"column":15},"end":{"line":15,"column":30}},"9":{"start":{"line":16,"column":17},"end":{"line":16,"column":65}},"10":{"start":{"line":17,"column":2},"end":{"line":17,"column":38}},"11":{"start":{"line":14,"column":0},"end":{"line":14,"column":7}},"12":{"start":{"line":20,"column":15},"end":{"line":20,"column":30}},"13":{"start":{"line":21,"column":13},"end":{"line":21,"column":34}},"14":{"start":{"line":22,"column":2},"end":{"line":30,"column":null}},"15":{"start":{"line":23,"column":19},"end":{"line":23,"column":74}},"16":{"start":{"line":24,"column":4},"end":{"line":24,"column":40}},"17":{"start":{"line":26,"column":4},"end":{"line":28,"column":null}},"18":{"start":{"line":27,"column":6},"end":{"line":27,"column":32}},"19":{"start":{"line":29,"column":4},"end":{"line":29,"column":64}},"20":{"start":{"line":19,"column":0},"end":{"line":19,"column":7}},"21":{"start":{"line":34,"column":13},"end":{"line":34,"column":34}},"22":{"start":{"line":35,"column":15},"end":{"line":35,"column":30}},"23":{"start":{"line":36,"column":2},"end":{"line":44,"column":null}},"24":{"start":{"line":37,"column":19},"end":{"line":37,"column":72}},"25":{"start":{"line":38,"column":4},"end":{"line":38,"column":40}},"26":{"start":{"line":40,"column":4},"end":{"line":42,"column":null}},"27":{"start":{"line":41,"column":6},"end":{"line":41,"column":32}},"28":{"start":{"line":43,"column":4},"end":{"line":43,"column":64}},"29":{"start":{"line":33,"column":0},"end":{"line":33,"column":7}}},"fnMap":{"0":{"name":"credentialPost","decl":{"start":{"line":7,"column":22},"end":{"line":7,"column":36}},"loc":{"start":{"line":7,"column":64},"end":{"line":12,"column":1}}},"1":{"name":"credentialsGet","decl":{"start":{"line":14,"column":22},"end":{"line":14,"column":36}},"loc":{"start":{"line":14,"column":64},"end":{"line":18,"column":1}}},"2":{"name":"credentialsById","decl":{"start":{"line":19,"column":22},"end":{"line":19,"column":37}},"loc":{"start":{"line":19,"column":65},"end":{"line":31,"column":1}}},"3":{"name":"deleteCredentialbyId","decl":{"start":{"line":33,"column":22},"end":{"line":33,"column":42}},"loc":{"start":{"line":33,"column":70},"end":{"line":45,"column":1}}}},"branchMap":{"0":{"loc":{"start":{"line":26,"column":4},"end":{"line":28,"column":null}},"type":"if","locations":[{"start":{"line":26,"column":4},"end":{"line":28,"column":null}}]},"1":{"loc":{"start":{"line":40,"column":4},"end":{"line":42,"column":null}},"type":"if","locations":[{"start":{"line":40,"column":4},"end":{"line":42,"column":null}}]}},"s":{"0":3,"1":3,"2":3,"3":1,"4":1,"5":1,"6":1,"7":3,"8":1,"9":1,"10":1,"11":3,"12":2,"13":2,"14":2,"15":2,"16":1,"17":1,"18":0,"19":1,"20":3,"21":2,"22":2,"23":2,"24":2,"25":1,"26":1,"27":0,"28":1,"29":3},"f":{"0":1,"1":1,"2":2,"3":2},"b":{"0":[0],"1":[0]}}
,"/home/victor/Documents/projeto19-drivenpass/src/controllers/network-controller/index.ts": {"path":"/home/victor/Documents/projeto19-drivenpass/src/controllers/network-controller/index.ts","statementMap":{"0":{"start":{"line":2,"column":0},"end":{"line":2,"column":56}},"1":{"start":{"line":4,"column":0},"end":{"line":4,"column":37}},"2":{"start":{"line":8,"column":32},"end":{"line":8,"column":40}},"3":{"start":{"line":9,"column":15},"end":{"line":9,"column":30}},"4":{"start":{"line":10,"column":17},"end":{"line":10,"column":66}},"5":{"start":{"line":11,"column":2},"end":{"line":11,"column":53}},"6":{"start":{"line":7,"column":0},"end":{"line":7,"column":7}},"7":{"start":{"line":15,"column":15},"end":{"line":15,"column":30}},"8":{"start":{"line":16,"column":17},"end":{"line":16,"column":59}},"9":{"start":{"line":17,"column":2},"end":{"line":17,"column":38}},"10":{"start":{"line":14,"column":0},"end":{"line":14,"column":7}},"11":{"start":{"line":21,"column":15},"end":{"line":21,"column":30}},"12":{"start":{"line":22,"column":13},"end":{"line":22,"column":34}},"13":{"start":{"line":23,"column":2},"end":{"line":28,"column":null}},"14":{"start":{"line":24,"column":19},"end":{"line":24,"column":68}},"15":{"start":{"line":25,"column":4},"end":{"line":25,"column":40}},"16":{"start":{"line":27,"column":4},"end":{"line":27,"column":64}},"17":{"start":{"line":20,"column":0},"end":{"line":20,"column":7}},"18":{"start":{"line":32,"column":13},"end":{"line":32,"column":34}},"19":{"start":{"line":33,"column":15},"end":{"line":33,"column":30}},"20":{"start":{"line":35,"column":2},"end":{"line":40,"column":null}},"21":{"start":{"line":36,"column":19},"end":{"line":36,"column":66}},"22":{"start":{"line":37,"column":4},"end":{"line":37,"column":40}},"23":{"start":{"line":39,"column":4},"end":{"line":39,"column":64}},"24":{"start":{"line":31,"column":0},"end":{"line":31,"column":7}}},"fnMap":{"0":{"name":"networkPost","decl":{"start":{"line":7,"column":22},"end":{"line":7,"column":33}},"loc":{"start":{"line":7,"column":61},"end":{"line":12,"column":1}}},"1":{"name":"networksGet","decl":{"start":{"line":14,"column":22},"end":{"line":14,"column":33}},"loc":{"start":{"line":14,"column":61},"end":{"line":18,"column":1}}},"2":{"name":"networksById","decl":{"start":{"line":20,"column":22},"end":{"line":20,"column":34}},"loc":{"start":{"line":20,"column":62},"end":{"line":29,"column":1}}},"3":{"name":"deleteNetwork","decl":{"start":{"line":31,"column":22},"end":{"line":31,"column":35}},"loc":{"start":{"line":31,"column":63},"end":{"line":41,"column":1}}}},"branchMap":{},"s":{"0":3,"1":3,"2":1,"3":1,"4":1,"5":1,"6":3,"7":1,"8":1,"9":1,"10":3,"11":2,"12":2,"13":2,"14":2,"15":1,"16":1,"17":3,"18":4,"19":4,"20":4,"21":4,"22":1,"23":3,"24":3},"f":{"0":1,"1":1,"2":2,"3":4},"b":{}}
,"/home/victor/Documents/projeto19-drivenpass/src/controllers/user-controller/index.ts": {"path":"/home/victor/Documents/projeto19-drivenpass/src/controllers/user-controller/index.ts","statementMap":{"0":{"start":{"line":1,"column":0},"end":{"line":1,"column":50}},"1":{"start":{"line":3,"column":0},"end":{"line":3,"column":54}},"2":{"start":{"line":6,"column":30},"end":{"line":6,"column":38}},"3":{"start":{"line":7,"column":2},"end":{"line":12,"column":null}},"4":{"start":{"line":8,"column":19},"end":{"line":8,"column":64}},"5":{"start":{"line":9,"column":4},"end":{"line":9,"column":50}},"6":{"start":{"line":11,"column":4},"end":{"line":11,"column":56}},"7":{"start":{"line":5,"column":0},"end":{"line":5,"column":7}},"8":{"start":{"line":16,"column":30},"end":{"line":16,"column":38}},"9":{"start":{"line":17,"column":2},"end":{"line":25,"column":null}},"10":{"start":{"line":18,"column":17},"end":{"line":18,"column":66}},"11":{"start":{"line":19,"column":4},"end":{"line":22,"column":7}},"12":{"start":{"line":24,"column":4},"end":{"line":24,"column":58}},"13":{"start":{"line":15,"column":0},"end":{"line":15,"column":7}}},"fnMap":{"0":{"name":"signInPost","decl":{"start":{"line":5,"column":22},"end":{"line":5,"column":32}},"loc":{"start":{"line":5,"column":60},"end":{"line":13,"column":1}}},"1":{"name":"createUser","decl":{"start":{"line":15,"column":22},"end":{"line":15,"column":32}},"loc":{"start":{"line":15,"column":60},"end":{"line":26,"column":1}}}},"branchMap":{},"s":{"0":3,"1":3,"2":20,"3":20,"4":20,"5":18,"6":2,"7":3,"8":1,"9":1,"10":1,"11":1,"12":0,"13":3},"f":{"0":20,"1":1},"b":{}}
,"/home/victor/Documents/projeto19-drivenpass/src/errors/conflict-error.ts": {"path":"/home/victor/Documents/projeto19-drivenpass/src/errors/conflict-error.ts","statementMap":{"0":{"start":{"line":4,"column":2},"end":{"line":7,"column":4}},"1":{"start":{"line":3,"column":0},"end":{"line":3,"column":16}}},"fnMap":{"0":{"name":"conflictError","decl":{"start":{"line":3,"column":16},"end":{"line":3,"column":29}},"loc":{"start":{"line":3,"column":45},"end":{"line":8,"column":1}}}},"branchMap":{},"s":{"0":0,"1":3},"f":{"0":0},"b":{}}
,"/home/victor/Documents/projeto19-drivenpass/src/errors/forbidden-error.ts": {"path":"/home/victor/Documents/projeto19-drivenpass/src/errors/forbidden-error.ts","statementMap":{"0":{"start":{"line":4,"column":2},"end":{"line":7,"column":4}},"1":{"start":{"line":3,"column":0},"end":{"line":3,"column":16}}},"fnMap":{"0":{"name":"forbiddenError","decl":{"start":{"line":3,"column":16},"end":{"line":3,"column":30}},"loc":{"start":{"line":3,"column":46},"end":{"line":8,"column":1}}}},"branchMap":{},"s":{"0":0,"1":3},"f":{"0":0},"b":{}}
,"/home/victor/Documents/projeto19-drivenpass/src/errors/index.ts": {"path":"/home/victor/Documents/projeto19-drivenpass/src/errors/index.ts","statementMap":{"0":{"start":{"line":1,"column":0},"end":{"line":1,"column":33}},"1":{"start":{"line":2,"column":0},"end":{"line":2,"column":34}},"2":{"start":{"line":3,"column":0},"end":{"line":3,"column":37}},"3":{"start":{"line":4,"column":0},"end":{"line":4,"column":38}},"4":{"start":{"line":5,"column":0},"end":{"line":5,"column":34}},"5":{"start":{"line":6,"column":0},"end":{"line":6,"column":32}},"6":{"start":{"line":7,"column":0},"end":{"line":7,"column":37}}},"fnMap":{},"branchMap":{},"s":{"0":3,"1":3,"2":3,"3":3,"4":3,"5":3,"6":3},"f":{},"b":{}}
,"/home/victor/Documents/projeto19-drivenpass/src/errors/invalid-data-error.ts": {"path":"/home/victor/Documents/projeto19-drivenpass/src/errors/invalid-data-error.ts","statementMap":{"0":{"start":{"line":6,"column":2},"end":{"line":10,"column":4}},"1":{"start":{"line":3,"column":0},"end":{"line":3,"column":16}}},"fnMap":{"0":{"name":"invalidDataError","decl":{"start":{"line":3,"column":16},"end":{"line":3,"column":32}},"loc":{"start":{"line":4,"column":19},"end":{"line":11,"column":1}}}},"branchMap":{},"s":{"0":6,"1":3},"f":{"0":6},"b":{}}
,"/home/victor/Documents/projeto19-drivenpass/src/errors/invalid-email-error.ts": {"path":"/home/victor/Documents/projeto19-drivenpass/src/errors/invalid-email-error.ts","statementMap":{"0":{"start":{"line":4,"column":2},"end":{"line":8,"column":4}},"1":{"start":{"line":3,"column":0},"end":{"line":3,"column":16}}},"fnMap":{"0":{"name":"invalidEmailError","decl":{"start":{"line":3,"column":16},"end":{"line":3,"column":33}},"loc":{"start":{"line":3,"column":47},"end":{"line":9,"column":1}}}},"branchMap":{},"s":{"0":0,"1":3},"f":{"0":0},"b":{}}
,"/home/victor/Documents/projeto19-drivenpass/src/errors/not-found-error.ts": {"path":"/home/victor/Documents/projeto19-drivenpass/src/errors/not-found-error.ts","statementMap":{"0":{"start":{"line":4,"column":2},"end":{"line":7,"column":4}},"1":{"start":{"line":3,"column":0},"end":{"line":3,"column":16}}},"fnMap":{"0":{"name":"notFoundError","decl":{"start":{"line":3,"column":16},"end":{"line":3,"column":29}},"loc":{"start":{"line":3,"column":29},"end":{"line":8,"column":1}}}},"branchMap":{},"s":{"0":6,"1":3},"f":{"0":6},"b":{}}
,"/home/victor/Documents/projeto19-drivenpass/src/errors/request-error.ts": {"path":"/home/victor/Documents/projeto19-drivenpass/src/errors/request-error.ts","statementMap":{"0":{"start":{"line":4,"column":2},"end":{"line":10,"column":4}},"1":{"start":{"line":3,"column":0},"end":{"line":3,"column":16}}},"fnMap":{"0":{"name":"requestError","decl":{"start":{"line":3,"column":16},"end":{"line":3,"column":28}},"loc":{"start":{"line":3,"column":63},"end":{"line":11,"column":1}}}},"branchMap":{},"s":{"0":0,"1":3},"f":{"0":0},"b":{}}
,"/home/victor/Documents/projeto19-drivenpass/src/errors/unauthorized-error.ts": {"path":"/home/victor/Documents/projeto19-drivenpass/src/errors/unauthorized-error.ts","statementMap":{"0":{"start":{"line":4,"column":2},"end":{"line":7,"column":4}},"1":{"start":{"line":3,"column":0},"end":{"line":3,"column":16}}},"fnMap":{"0":{"name":"unauthorizedError","decl":{"start":{"line":3,"column":16},"end":{"line":3,"column":33}},"loc":{"start":{"line":3,"column":33},"end":{"line":8,"column":1}}}},"branchMap":{},"s":{"0":18,"1":3},"f":{"0":18},"b":{}}
,"/home/victor/Documents/projeto19-drivenpass/src/middlewares/authentication-middleware.ts": {"path":"/home/victor/Documents/projeto19-drivenpass/src/middlewares/authentication-middleware.ts","statementMap":{"0":{"start":{"line":2,"column":0},"end":{"line":2,"column":37}},"1":{"start":{"line":3,"column":0},"end":{"line":3,"column":36}},"2":{"start":{"line":5,"column":0},"end":{"line":5,"column":45}},"3":{"start":{"line":12,"column":28},"end":{"line":12,"column":39}},"4":{"start":{"line":13,"column":2},"end":{"line":13,"column":63}},"5":{"start":{"line":13,"column":22},"end":{"line":13,"column":63}},"6":{"start":{"line":15,"column":16},"end":{"line":15,"column":60}},"7":{"start":{"line":16,"column":2},"end":{"line":16,"column":55}},"8":{"start":{"line":16,"column":14},"end":{"line":16,"column":55}},"9":{"start":{"line":18,"column":2},"end":{"line":28,"column":null}},"10":{"start":{"line":19,"column":17},"end":{"line":19,"column":72}},"11":{"start":{"line":21,"column":4},"end":{"line":21,"column":56}},"12":{"start":{"line":21,"column":15},"end":{"line":21,"column":56}},"13":{"start":{"line":23,"column":4},"end":{"line":23,"column":27}},"14":{"start":{"line":25,"column":4},"end":{"line":25,"column":11}},"15":{"start":{"line":27,"column":4},"end":{"line":27,"column":45}},"16":{"start":{"line":7,"column":0},"end":{"line":7,"column":7}},"17":{"start":{"line":32,"column":2},"end":{"line":32,"column":64}}},"fnMap":{"0":{"name":"authenticateToken","decl":{"start":{"line":7,"column":22},"end":{"line":7,"column":39}},"loc":{"start":{"line":10,"column":20},"end":{"line":29,"column":1}}},"1":{"name":"generateUnauthorizedResponse","decl":{"start":{"line":31,"column":9},"end":{"line":31,"column":37}},"loc":{"start":{"line":31,"column":51},"end":{"line":33,"column":1}}}},"branchMap":{"0":{"loc":{"start":{"line":13,"column":2},"end":{"line":13,"column":63}},"type":"if","locations":[{"start":{"line":13,"column":2},"end":{"line":13,"column":63}}]},"1":{"loc":{"start":{"line":16,"column":2},"end":{"line":16,"column":55}},"type":"if","locations":[{"start":{"line":16,"column":2},"end":{"line":16,"column":55}}]},"2":{"loc":{"start":{"line":21,"column":4},"end":{"line":21,"column":56}},"type":"if","locations":[{"start":{"line":21,"column":4},"end":{"line":21,"column":56}}]}},"s":{"0":3,"1":3,"2":3,"3":32,"4":32,"5":8,"6":24,"7":24,"8":0,"9":24,"10":24,"11":16,"12":0,"13":16,"14":16,"15":8,"16":3,"17":16},"f":{"0":32,"1":16},"b":{"0":[8],"1":[0],"2":[0]}}
,"/home/victor/Documents/projeto19-drivenpass/src/middlewares/error-handling-middleware.ts": {"path":"/home/victor/Documents/projeto19-drivenpass/src/middlewares/error-handling-middleware.ts","statementMap":{"0":{"start":{"line":3,"column":0},"end":{"line":3,"column":37}},"1":{"start":{"line":10,"column":2},"end":{"line":14,"column":null}},"2":{"start":{"line":11,"column":4},"end":{"line":13,"column":7}},"3":{"start":{"line":16,"column":2},"end":{"line":20,"column":null}},"4":{"start":{"line":17,"column":4},"end":{"line":19,"column":7}},"5":{"start":{"line":22,"column":2},"end":{"line":26,"column":null}},"6":{"start":{"line":23,"column":4},"end":{"line":25,"column":7}},"7":{"start":{"line":28,"column":2},"end":{"line":32,"column":null}},"8":{"start":{"line":29,"column":4},"end":{"line":31,"column":7}},"9":{"start":{"line":34,"column":2},"end":{"line":38,"column":null}},"10":{"start":{"line":35,"column":4},"end":{"line":37,"column":7}},"11":{"start":{"line":5,"column":0},"end":{"line":5,"column":16}}},"fnMap":{"0":{"name":"handleApplicationErrors","decl":{"start":{"line":5,"column":16},"end":{"line":5,"column":39}},"loc":{"start":{"line":8,"column":15},"end":{"line":48,"column":1}}}},"branchMap":{"0":{"loc":{"start":{"line":10,"column":2},"end":{"line":14,"column":null}},"type":"if","locations":[{"start":{"line":10,"column":2},"end":{"line":14,"column":null}}]},"1":{"loc":{"start":{"line":16,"column":2},"end":{"line":20,"column":null}},"type":"if","locations":[{"start":{"line":16,"column":2},"end":{"line":20,"column":null}}]},"2":{"loc":{"start":{"line":16,"column":6},"end":{"line":16,"column":73}},"type":"binary-expr","locations":[{"start":{"line":16,"column":6},"end":{"line":16,"column":34}},{"start":{"line":16,"column":38},"end":{"line":16,"column":73}}]},"3":{"loc":{"start":{"line":22,"column":2},"end":{"line":26,"column":null}},"type":"if","locations":[{"start":{"line":22,"column":2},"end":{"line":26,"column":null}}]},"4":{"loc":{"start":{"line":28,"column":2},"end":{"line":32,"column":null}},"type":"if","locations":[{"start":{"line":28,"column":2},"end":{"line":32,"column":null}}]},"5":{"loc":{"start":{"line":34,"column":2},"end":{"line":38,"column":null}},"type":"if","locations":[{"start":{"line":34,"column":2},"end":{"line":38,"column":null}}]}},"s":{"0":3,"1":0,"2":0,"3":0,"4":0,"5":0,"6":0,"7":0,"8":0,"9":0,"10":0,"11":3},"f":{"0":0},"b":{"0":[0],"1":[0],"2":[0,0],"3":[0],"4":[0],"5":[0]}}
,"/home/victor/Documents/projeto19-drivenpass/src/middlewares/index.ts": {"path":"/home/victor/Documents/projeto19-drivenpass/src/middlewares/index.ts","statementMap":{"0":{"start":{"line":1,"column":0},"end":{"line":1,"column":44}},"1":{"start":{"line":2,"column":0},"end":{"line":2,"column":40}},"2":{"start":{"line":3,"column":0},"end":{"line":3,"column":44}}},"fnMap":{},"branchMap":{},"s":{"0":3,"1":3,"2":3},"f":{},"b":{}}
,"/home/victor/Documents/projeto19-drivenpass/src/middlewares/validation-middleware.ts": {"path":"/home/victor/Documents/projeto19-drivenpass/src/middlewares/validation-middleware.ts","statementMap":{"0":{"start":{"line":1,"column":0},"end":{"line":1,"column":44}},"1":{"start":{"line":3,"column":0},"end":{"line":3,"column":37}},"2":{"start":{"line":7,"column":2},"end":{"line":7,"column":34}},"3":{"start":{"line":6,"column":0},"end":{"line":6,"column":16}},"4":{"start":{"line":13,"column":2},"end":{"line":13,"column":36}},"5":{"start":{"line":10,"column":0},"end":{"line":10,"column":16}},"6":{"start":{"line":17,"column":2},"end":{"line":29,"column":4}},"7":{"start":{"line":18,"column":22},"end":{"line":20,"column":6}},"8":{"start":{"line":22,"column":4},"end":{"line":28,"column":null}},"9":{"start":{"line":23,"column":6},"end":{"line":23,"column":13}},"10":{"start":{"line":25,"column":6},"end":{"line":27,"column":69}},"11":{"start":{"line":27,"column":56},"end":{"line":27,"column":65}}},"fnMap":{"0":{"name":"validateBody","decl":{"start":{"line":6,"column":16},"end":{"line":6,"column":28}},"loc":{"start":{"line":6,"column":55},"end":{"line":8,"column":1}}},"1":{"name":"validateParams","decl":{"start":{"line":10,"column":16},"end":{"line":10,"column":30}},"loc":{"start":{"line":11,"column":25},"end":{"line":14,"column":1}}},"2":{"name":"validate","decl":{"start":{"line":16,"column":9},"end":{"line":16,"column":17}},"loc":{"start":{"line":16,"column":63},"end":{"line":30,"column":1}}},"3":{"name":"(anonymous_4)","decl":{"start":{"line":17,"column":9},"end":{"line":17,"column":10}},"loc":{"start":{"line":17,"column":61},"end":{"line":29,"column":3}}},"4":{"name":"(anonymous_5)","decl":{"start":{"line":27,"column":49},"end":{"line":27,"column":50}},"loc":{"start":{"line":27,"column":56},"end":{"line":27,"column":65}}}},"branchMap":{"0":{"loc":{"start":{"line":22,"column":4},"end":{"line":28,"column":null}},"type":"if","locations":[{"start":{"line":22,"column":4},"end":{"line":28,"column":null}},{"start":{"line":24,"column":11},"end":{"line":28,"column":null}}]}},"s":{"0":3,"1":3,"2":12,"3":3,"4":0,"5":3,"6":12,"7":29,"8":29,"9":23,"10":6,"11":17},"f":{"0":12,"1":0,"2":12,"3":29,"4":17},"b":{"0":[23,6]}}
,"/home/victor/Documents/projeto19-drivenpass/src/repositories/index.ts": {"path":"/home/victor/Documents/projeto19-drivenpass/src/repositories/index.ts","statementMap":{"0":{"start":{"line":1,"column":0},"end":{"line":1,"column":34}}},"fnMap":{},"branchMap":{},"s":{"0":0},"f":{},"b":{}}
,"/home/victor/Documents/projeto19-drivenpass/src/repositories/credential-repository/index.ts": {"path":"/home/victor/Documents/projeto19-drivenpass/src/repositories/credential-repository/index.ts","statementMap":{"0":{"start":{"line":2,"column":0},"end":{"line":2,"column":34}},"1":{"start":{"line":3,"column":0},"end":{"line":3,"column":45}},"2":{"start":{"line":6,"column":2},"end":{"line":8,"column":5}},"3":{"start":{"line":11,"column":2},"end":{"line":13,"column":5}},"4":{"start":{"line":16,"column":23},"end":{"line":18,"column":4}},"5":{"start":{"line":19,"column":2},"end":{"line":21,"column":null}},"6":{"start":{"line":20,"column":4},"end":{"line":20,"column":30}},"7":{"start":{"line":22,"column":2},"end":{"line":22,"column":22}},"8":{"start":{"line":26,"column":15},"end":{"line":29,"column":4}},"9":{"start":{"line":30,"column":2},"end":{"line":30,"column":44}},"10":{"start":{"line":34,"column":21},"end":{"line":38,"column":4}},"11":{"start":{"line":39,"column":2},"end":{"line":39,"column":20}},"12":{"start":{"line":41,"column":29},"end":{"line":47,"column":2}},"13":{"start":{"line":49,"column":0},"end":{"line":49,"column":36}}},"fnMap":{"0":{"name":"getCredential","decl":{"start":{"line":5,"column":15},"end":{"line":5,"column":28}},"loc":{"start":{"line":5,"column":55},"end":{"line":9,"column":1}}},"1":{"name":"getUserCredentials","decl":{"start":{"line":10,"column":15},"end":{"line":10,"column":33}},"loc":{"start":{"line":10,"column":48},"end":{"line":14,"column":1}}},"2":{"name":"uniqueTitle","decl":{"start":{"line":15,"column":15},"end":{"line":15,"column":26}},"loc":{"start":{"line":15,"column":56},"end":{"line":23,"column":1}}},"3":{"name":"createCredential","decl":{"start":{"line":25,"column":15},"end":{"line":25,"column":31}},"loc":{"start":{"line":25,"column":75},"end":{"line":31,"column":1}}},"4":{"name":"deleteCredential","decl":{"start":{"line":33,"column":15},"end":{"line":33,"column":31}},"loc":{"start":{"line":33,"column":42},"end":{"line":40,"column":1}}}},"branchMap":{"0":{"loc":{"start":{"line":19,"column":2},"end":{"line":21,"column":null}},"type":"if","locations":[{"start":{"line":19,"column":2},"end":{"line":21,"column":null}}]}},"s":{"0":3,"1":3,"2":4,"3":1,"4":1,"5":1,"6":0,"7":1,"8":1,"9":1,"10":1,"11":1,"12":3,"13":3},"f":{"0":4,"1":1,"2":1,"3":1,"4":1},"b":{"0":[0]}}
,"/home/victor/Documents/projeto19-drivenpass/src/repositories/network-repository/index.ts": {"path":"/home/victor/Documents/projeto19-drivenpass/src/repositories/network-repository/index.ts","statementMap":{"0":{"start":{"line":1,"column":0},"end":{"line":1,"column":34}},"1":{"start":{"line":6,"column":2},"end":{"line":8,"column":5}},"2":{"start":{"line":11,"column":2},"end":{"line":13,"column":5}},"3":{"start":{"line":17,"column":15},"end":{"line":20,"column":4}},"4":{"start":{"line":21,"column":2},"end":{"line":21,"column":41}},"5":{"start":{"line":25,"column":2},"end":{"line":29,"column":5}},"6":{"start":{"line":31,"column":26},"end":{"line":36,"column":2}},"7":{"start":{"line":38,"column":0},"end":{"line":38,"column":33}}},"fnMap":{"0":{"name":"getNetwork","decl":{"start":{"line":5,"column":15},"end":{"line":5,"column":25}},"loc":{"start":{"line":5,"column":52},"end":{"line":9,"column":1}}},"1":{"name":"getUserNetworks","decl":{"start":{"line":10,"column":15},"end":{"line":10,"column":30}},"loc":{"start":{"line":10,"column":45},"end":{"line":14,"column":1}}},"2":{"name":"createNetwork","decl":{"start":{"line":16,"column":15},"end":{"line":16,"column":28}},"loc":{"start":{"line":16,"column":66},"end":{"line":22,"column":1}}},"3":{"name":"deleteNetwork","decl":{"start":{"line":24,"column":15},"end":{"line":24,"column":28}},"loc":{"start":{"line":24,"column":39},"end":{"line":30,"column":1}}}},"branchMap":{},"s":{"0":3,"1":6,"2":1,"3":1,"4":1,"5":1,"6":3,"7":3},"f":{"0":6,"1":1,"2":1,"3":1},"b":{}}
,"/home/victor/Documents/projeto19-drivenpass/src/repositories/user-repository/index.ts": {"path":"/home/victor/Documents/projeto19-drivenpass/src/repositories/user-repository/index.ts","statementMap":{"0":{"start":{"line":2,"column":0},"end":{"line":2,"column":34}},"1":{"start":{"line":4,"column":20},"end":{"line":6,"column":4}},"2":{"start":{"line":7,"column":2},"end":{"line":7,"column":19}},"3":{"start":{"line":11,"column":2},"end":{"line":13,"column":5}},"4":{"start":{"line":15,"column":23},"end":{"line":18,"column":2}},"5":{"start":{"line":20,"column":0},"end":{"line":20,"column":30}}},"fnMap":{"0":{"name":"findByEmail","decl":{"start":{"line":3,"column":15},"end":{"line":3,"column":26}},"loc":{"start":{"line":3,"column":40},"end":{"line":8,"column":1}}},"1":{"name":"create","decl":{"start":{"line":10,"column":15},"end":{"line":10,"column":21}},"loc":{"start":{"line":10,"column":59},"end":{"line":14,"column":1}}}},"branchMap":{},"s":{"0":3,"1":21,"2":21,"3":1,"4":3,"5":3},"f":{"0":21,"1":1},"b":{}}
,"/home/victor/Documents/projeto19-drivenpass/src/routers/credential-router.ts": {"path":"/home/victor/Documents/projeto19-drivenpass/src/routers/credential-router.ts","statementMap":{"0":{"start":{"line":1,"column":0},"end":{"line":1,"column":33}},"1":{"start":{"line":2,"column":0},"end":{"line":2,"column":45}},"2":{"start":{"line":3,"column":0},"end":{"line":3,"column":null}},"3":{"start":{"line":9,"column":0},"end":{"line":9,"column":50}},"4":{"start":{"line":10,"column":0},"end":{"line":10,"column":63}},"5":{"start":{"line":12,"column":25},"end":{"line":12,"column":33}},"6":{"start":{"line":19,"column":9},"end":{"line":19,"column":25}},"7":{"start":{"line":13,"column":0},"end":{"line":17,"column":59}}},"fnMap":{},"branchMap":{},"s":{"0":3,"1":3,"2":3,"3":3,"4":3,"5":3,"6":3,"7":3},"f":{},"b":{}}
,"/home/victor/Documents/projeto19-drivenpass/src/routers/index.ts": {"path":"/home/victor/Documents/projeto19-drivenpass/src/routers/index.ts","statementMap":{"0":{"start":{"line":1,"column":0},"end":{"line":1,"column":36}},"1":{"start":{"line":2,"column":0},"end":{"line":2,"column":33}},"2":{"start":{"line":3,"column":0},"end":{"line":3,"column":30}}},"fnMap":{},"branchMap":{},"s":{"0":3,"1":3,"2":3},"f":{},"b":{}}
,"/home/victor/Documents/projeto19-drivenpass/src/routers/network-router.ts": {"path":"/home/victor/Documents/projeto19-drivenpass/src/routers/network-router.ts","statementMap":{"0":{"start":{"line":1,"column":0},"end":{"line":1,"column":64}},"1":{"start":{"line":2,"column":0},"end":{"line":2,"column":null}},"2":{"start":{"line":8,"column":0},"end":{"line":8,"column":33}},"3":{"start":{"line":9,"column":0},"end":{"line":9,"column":57}},"4":{"start":{"line":11,"column":22},"end":{"line":11,"column":30}},"5":{"start":{"line":18,"column":9},"end":{"line":18,"column":22}},"6":{"start":{"line":12,"column":0},"end":{"line":16,"column":52}}},"fnMap":{},"branchMap":{},"s":{"0":3,"1":3,"2":3,"3":3,"4":3,"5":3,"6":3},"f":{},"b":{}}
,"/home/victor/Documents/projeto19-drivenpass/src/routers/user-router.ts": {"path":"/home/victor/Documents/projeto19-drivenpass/src/routers/user-router.ts","statementMap":{"0":{"start":{"line":1,"column":0},"end":{"line":1,"column":33}},"1":{"start":{"line":2,"column":0},"end":{"line":2,"column":71}},"2":{"start":{"line":3,"column":0},"end":{"line":3,"column":45}},"3":{"start":{"line":4,"column":0},"end":{"line":4,"column":53}},"4":{"start":{"line":6,"column":19},"end":{"line":6,"column":27}},"5":{"start":{"line":10,"column":9},"end":{"line":10,"column":19}},"6":{"start":{"line":7,"column":0},"end":{"line":7,"column":61}},"7":{"start":{"line":8,"column":0},"end":{"line":8,"column":68}}},"fnMap":{},"branchMap":{},"s":{"0":3,"1":3,"2":3,"3":3,"4":3,"5":3,"6":3,"7":3},"f":{},"b":{}}
,"/home/victor/Documents/projeto19-drivenpass/src/schemas/credential-schema.ts": {"path":"/home/victor/Documents/projeto19-drivenpass/src/schemas/credential-schema.ts","statementMap":{"0":{"start":{"line":2,"column":0},"end":{"line":2,"column":22}},"1":{"start":{"line":4,"column":13},"end":{"line":9,"column":3}}},"fnMap":{},"branchMap":{},"s":{"0":3,"1":3},"f":{},"b":{}}
,"/home/victor/Documents/projeto19-drivenpass/src/schemas/network-schema.ts": {"path":"/home/victor/Documents/projeto19-drivenpass/src/schemas/network-schema.ts","statementMap":{"0":{"start":{"line":2,"column":0},"end":{"line":2,"column":22}},"1":{"start":{"line":4,"column":13},"end":{"line":8,"column":3}}},"fnMap":{},"branchMap":{},"s":{"0":3,"1":3},"f":{},"b":{}}
,"/home/victor/Documents/projeto19-drivenpass/src/schemas/user-schema.ts": {"path":"/home/victor/Documents/projeto19-drivenpass/src/schemas/user-schema.ts","statementMap":{"0":{"start":{"line":2,"column":0},"end":{"line":2,"column":22}},"1":{"start":{"line":4,"column":13},"end":{"line":7,"column":3}}},"fnMap":{},"branchMap":{},"s":{"0":3,"1":3},"f":{},"b":{}}
,"/home/victor/Documents/projeto19-drivenpass/src/services/index.ts": {"path":"/home/victor/Documents/projeto19-drivenpass/src/services/index.ts","statementMap":{"0":{"start":{"line":1,"column":0},"end":{"line":1,"column":31}},"1":{"start":{"line":2,"column":0},"end":{"line":2,"column":37}},"2":{"start":{"line":3,"column":0},"end":{"line":3,"column":34}}},"fnMap":{},"branchMap":{},"s":{"0":0,"1":0,"2":0},"f":{},"b":{}}
,"/home/victor/Documents/projeto19-drivenpass/src/services/credential-service/index.ts": {"path":"/home/victor/Documents/projeto19-drivenpass/src/services/credential-service/index.ts","statementMap":{"0":{"start":{"line":1,"column":0},"end":{"line":1,"column":60}},"1":{"start":{"line":2,"column":0},"end":{"line":2,"column":72}},"2":{"start":{"line":7,"column":0},"end":{"line":7,"column":52}},"3":{"start":{"line":8,"column":0},"end":{"line":8,"column":32}},"4":{"start":{"line":11,"column":21},"end":{"line":11,"column":74}},"5":{"start":{"line":12,"column":2},"end":{"line":14,"column":null}},"6":{"start":{"line":13,"column":4},"end":{"line":13,"column":30}},"7":{"start":{"line":16,"column":23},"end":{"line":16,"column":64}},"8":{"start":{"line":17,"column":2},"end":{"line":20,"column":5}},"9":{"start":{"line":24,"column":22},"end":{"line":24,"column":75}},"10":{"start":{"line":26,"column":2},"end":{"line":28,"column":5}},"11":{"start":{"line":27,"column":4},"end":{"line":27,"column":60}},"12":{"start":{"line":32,"column":25},"end":{"line":32,"column":77}},"13":{"start":{"line":33,"column":2},"end":{"line":35,"column":null}},"14":{"start":{"line":34,"column":4},"end":{"line":34,"column":26}},"15":{"start":{"line":36,"column":2},"end":{"line":36,"column":24}},"16":{"start":{"line":39,"column":26},"end":{"line":39,"column":62}},"17":{"start":{"line":40,"column":2},"end":{"line":42,"column":null}},"18":{"start":{"line":41,"column":4},"end":{"line":41,"column":26}},"19":{"start":{"line":43,"column":2},"end":{"line":43,"column":50}},"20":{"start":{"line":45,"column":26},"end":{"line":50,"column":2}},"21":{"start":{"line":51,"column":0},"end":{"line":51,"column":33}}},"fnMap":{"0":{"name":"newCredential","decl":{"start":{"line":10,"column":15},"end":{"line":10,"column":28}},"loc":{"start":{"line":10,"column":72},"end":{"line":21,"column":1}}},"1":{"name":"showCredentials","decl":{"start":{"line":23,"column":15},"end":{"line":23,"column":30}},"loc":{"start":{"line":23,"column":45},"end":{"line":29,"column":1}}},"2":{"name":"(anonymous_3)","decl":{"start":{"line":26,"column":25},"end":{"line":26,"column":26}},"loc":{"start":{"line":26,"column":40},"end":{"line":28,"column":3}}},"3":{"name":"showCredentialById","decl":{"start":{"line":31,"column":15},"end":{"line":31,"column":33}},"loc":{"start":{"line":31,"column":60},"end":{"line":37,"column":1}}},"4":{"name":"deleteCredential","decl":{"start":{"line":38,"column":15},"end":{"line":38,"column":31}},"loc":{"start":{"line":38,"column":58},"end":{"line":44,"column":1}}}},"branchMap":{"0":{"loc":{"start":{"line":12,"column":2},"end":{"line":14,"column":null}},"type":"if","locations":[{"start":{"line":12,"column":2},"end":{"line":14,"column":null}}]},"1":{"loc":{"start":{"line":33,"column":2},"end":{"line":35,"column":null}},"type":"if","locations":[{"start":{"line":33,"column":2},"end":{"line":35,"column":null}}]},"2":{"loc":{"start":{"line":40,"column":2},"end":{"line":42,"column":null}},"type":"if","locations":[{"start":{"line":40,"column":2},"end":{"line":42,"column":null}}]}},"s":{"0":3,"1":3,"2":3,"3":3,"4":1,"5":1,"6":0,"7":1,"8":1,"9":1,"10":1,"11":1,"12":4,"13":4,"14":2,"15":2,"16":2,"17":1,"18":0,"19":1,"20":3,"21":3},"f":{"0":1,"1":1,"2":1,"3":4,"4":2},"b":{"0":[0],"1":[2],"2":[0]}}
,"/home/victor/Documents/projeto19-drivenpass/src/services/network-service/index.ts": {"path":"/home/victor/Documents/projeto19-drivenpass/src/services/network-service/index.ts","statementMap":{"0":{"start":{"line":1,"column":0},"end":{"line":1,"column":60}},"1":{"start":{"line":2,"column":0},"end":{"line":2,"column":66}},"2":{"start":{"line":6,"column":0},"end":{"line":6,"column":52}},"3":{"start":{"line":9,"column":23},"end":{"line":9,"column":61}},"4":{"start":{"line":10,"column":2},"end":{"line":13,"column":5}},"5":{"start":{"line":17,"column":19},"end":{"line":17,"column":66}},"6":{"start":{"line":19,"column":2},"end":{"line":21,"column":5}},"7":{"start":{"line":20,"column":4},"end":{"line":20,"column":54}},"8":{"start":{"line":25,"column":22},"end":{"line":25,"column":68}},"9":{"start":{"line":26,"column":2},"end":{"line":28,"column":null}},"10":{"start":{"line":27,"column":4},"end":{"line":27,"column":26}},"11":{"start":{"line":29,"column":2},"end":{"line":29,"column":21}},"12":{"start":{"line":32,"column":2},"end":{"line":32,"column":36}},"13":{"start":{"line":33,"column":2},"end":{"line":33,"column":44}},"14":{"start":{"line":35,"column":23},"end":{"line":40,"column":2}},"15":{"start":{"line":41,"column":0},"end":{"line":41,"column":30}}},"fnMap":{"0":{"name":"newNetwork","decl":{"start":{"line":8,"column":15},"end":{"line":8,"column":25}},"loc":{"start":{"line":8,"column":63},"end":{"line":14,"column":1}}},"1":{"name":"showNetworks","decl":{"start":{"line":16,"column":15},"end":{"line":16,"column":27}},"loc":{"start":{"line":16,"column":42},"end":{"line":22,"column":1}}},"2":{"name":"(anonymous_3)","decl":{"start":{"line":19,"column":22},"end":{"line":19,"column":23}},"loc":{"start":{"line":19,"column":34},"end":{"line":21,"column":3}}},"3":{"name":"showNetworkById","decl":{"start":{"line":24,"column":15},"end":{"line":24,"column":30}},"loc":{"start":{"line":24,"column":57},"end":{"line":30,"column":1}}},"4":{"name":"deleteNetwork","decl":{"start":{"line":31,"column":15},"end":{"line":31,"column":28}},"loc":{"start":{"line":31,"column":55},"end":{"line":34,"column":1}}}},"branchMap":{"0":{"loc":{"start":{"line":26,"column":2},"end":{"line":28,"column":null}},"type":"if","locations":[{"start":{"line":26,"column":2},"end":{"line":28,"column":null}}]}},"s":{"0":3,"1":3,"2":3,"3":1,"4":1,"5":1,"6":1,"7":1,"8":6,"9":6,"10":4,"11":2,"12":4,"13":1,"14":3,"15":3},"f":{"0":1,"1":1,"2":1,"3":6,"4":4},"b":{"0":[4]}}
,"/home/victor/Documents/projeto19-drivenpass/src/services/user-service/index.ts": {"path":"/home/victor/Documents/projeto19-drivenpass/src/services/user-service/index.ts","statementMap":{"0":{"start":{"line":1,"column":0},"end":{"line":1,"column":45}},"1":{"start":{"line":2,"column":0},"end":{"line":2,"column":60}},"2":{"start":{"line":4,"column":0},"end":{"line":4,"column":28}},"3":{"start":{"line":5,"column":0},"end":{"line":5,"column":31}},"4":{"start":{"line":11,"column":30},"end":{"line":11,"column":34}},"5":{"start":{"line":12,"column":2},"end":{"line":12,"column":26}},"6":{"start":{"line":13,"column":23},"end":{"line":13,"column":54}},"7":{"start":{"line":14,"column":2},"end":{"line":17,"column":5}},"8":{"start":{"line":21,"column":21},"end":{"line":21,"column":60}},"9":{"start":{"line":22,"column":2},"end":{"line":25,"column":null}},"10":{"start":{"line":23,"column":4},"end":{"line":23,"column":24}},"11":{"start":{"line":24,"column":4},"end":{"line":24,"column":30}},"12":{"start":{"line":26,"column":2},"end":{"line":26,"column":20}},"13":{"start":{"line":29,"column":21},"end":{"line":29,"column":60}},"14":{"start":{"line":30,"column":2},"end":{"line":32,"column":null}},"15":{"start":{"line":31,"column":4},"end":{"line":31,"column":30}},"16":{"start":{"line":33,"column":2},"end":{"line":33,"column":20}},"17":{"start":{"line":36,"column":24},"end":{"line":36,"column":68}},"18":{"start":{"line":37,"column":2},"end":{"line":39,"column":null}},"19":{"start":{"line":38,"column":4},"end":{"line":38,"column":30}},"20":{"start":{"line":42,"column":30},"end":{"line":42,"column":34}},"21":{"start":{"line":43,"column":15},"end":{"line":43,"column":46}},"22":{"start":{"line":44,"column":2},"end":{"line":44,"column":47}},"23":{"start":{"line":45,"column":16},"end":{"line":47,"column":null}},"24":{"start":{"line":49,"column":2},"end":{"line":49,"column":19}},"25":{"start":{"line":51,"column":20},"end":{"line":51,"column":42}},"26":{"start":{"line":52,"column":0},"end":{"line":52,"column":27}}},"fnMap":{"0":{"name":"createUser","decl":{"start":{"line":10,"column":15},"end":{"line":10,"column":25}},"loc":{"start":{"line":10,"column":39},"end":{"line":18,"column":1}}},"1":{"name":"checkEmail","decl":{"start":{"line":20,"column":15},"end":{"line":20,"column":25}},"loc":{"start":{"line":20,"column":39},"end":{"line":27,"column":1}}},"2":{"name":"checkExistingEmail","decl":{"start":{"line":28,"column":15},"end":{"line":28,"column":33}},"loc":{"start":{"line":28,"column":47},"end":{"line":34,"column":1}}},"3":{"name":"checkPassword","decl":{"start":{"line":35,"column":15},"end":{"line":35,"column":28}},"loc":{"start":{"line":35,"column":67},"end":{"line":40,"column":1}}},"4":{"name":"signIn","decl":{"start":{"line":41,"column":15},"end":{"line":41,"column":21}},"loc":{"start":{"line":41,"column":35},"end":{"line":50,"column":1}}}},"branchMap":{"0":{"loc":{"start":{"line":22,"column":2},"end":{"line":25,"column":null}},"type":"if","locations":[{"start":{"line":22,"column":2},"end":{"line":25,"column":null}}]},"1":{"loc":{"start":{"line":30,"column":2},"end":{"line":32,"column":null}},"type":"if","locations":[{"start":{"line":30,"column":2},"end":{"line":32,"column":null}}]},"2":{"loc":{"start":{"line":37,"column":2},"end":{"line":39,"column":null}},"type":"if","locations":[{"start":{"line":37,"column":2},"end":{"line":39,"column":null}}]}},"s":{"0":3,"1":3,"2":3,"3":3,"4":1,"5":1,"6":1,"7":1,"8":1,"9":1,"10":0,"11":0,"12":1,"13":20,"14":20,"15":1,"16":19,"17":19,"18":19,"19":1,"20":20,"21":20,"22":19,"23":18,"24":18,"25":3,"26":3},"f":{"0":1,"1":1,"2":20,"3":19,"4":20},"b":{"0":[0],"1":[1],"2":[1]}}
,"/home/victor/Documents/projeto19-drivenpass/src/utils/cryptrUtil.ts": {"path":"/home/victor/Documents/projeto19-drivenpass/src/utils/cryptrUtil.ts","statementMap":{"0":{"start":{"line":1,"column":0},"end":{"line":1,"column":28}},"1":{"start":{"line":4,"column":14},"end":{"line":4,"column":36}},"2":{"start":{"line":5,"column":17},"end":{"line":5,"column":32}},"3":{"start":{"line":6,"column":26},"end":{"line":6,"column":50}},"4":{"start":{"line":7,"column":2},"end":{"line":7,"column":25}},"5":{"start":{"line":3,"column":0},"end":{"line":3,"column":7}}},"fnMap":{"0":{"name":"passwordCryptr","decl":{"start":{"line":3,"column":22},"end":{"line":3,"column":36}},"loc":{"start":{"line":3,"column":53},"end":{"line":8,"column":1}}}},"branchMap":{},"s":{"0":3,"1":2,"2":2,"3":2,"4":2,"5":3},"f":{"0":2},"b":{}}
}
