TN:
SF:src/app.ts
FN:18,(anonymous_1)
FN:24,init
FN:29,close
FNF:3
FNH:1
FNDA:0,(anonymous_1)
FNDA:3,init
FNDA:0,close
DA:1,3
DA:2,3
DA:3,3
DA:4,3
DA:6,3
DA:8,3
DA:10,3
DA:11,3
DA:12,3
DA:14,3
DA:15,3
DA:18,0
DA:24,3
DA:25,3
DA:26,3
DA:29,3
DA:30,0
DA:33,3
LF:18
LH:16
BRF:0
BRH:0
end_of_record
TN:
SF:src/config/database.ts
FN:4,connectDb
FN:8,disconnectDB
FNF:2
FNH:1
FNDA:3,connectDb
FNDA:0,disconnectDB
DA:1,3
DA:4,3
DA:5,3
DA:8,3
DA:9,0
LF:5
LH:4
BRF:0
BRH:0
end_of_record
TN:
SF:src/config/envs.ts
FN:4,loadEnv
FNF:1
FNH:1
FNDA:6,loadEnv
DA:1,3
DA:2,3
DA:4,3
DA:6,6
DA:12,6
DA:13,6
LF:6
LH:6
BRDA:6,0,0,6
BRDA:6,0,1,0
BRDA:8,1,0,0
BRDA:8,1,1,0
BRF:4
BRH:1
end_of_record
TN:
SF:src/config/index.ts
FNF:0
FNH:0
DA:1,3
DA:2,3
LF:2
LH:2
BRF:0
BRH:0
end_of_record
TN:
SF:src/controllers/credential-controller/index.ts
FN:7,credentialPost
FN:14,credentialsGet
FN:19,credentialsById
FN:33,deleteCredentialbyId
FNF:4
FNH:4
FNDA:1,credentialPost
FNDA:1,credentialsGet
FNDA:2,credentialsById
FNDA:2,deleteCredentialbyId
DA:2,3
DA:4,3
DA:5,3
DA:7,3
DA:8,1
DA:9,1
DA:10,1
DA:11,0
DA:14,3
DA:15,1
DA:16,1
DA:17,1
DA:19,3
DA:20,2
DA:21,2
DA:22,2
DA:23,2
DA:24,1
DA:26,1
DA:27,0
DA:29,1
DA:33,3
DA:34,2
DA:35,2
DA:36,2
DA:37,2
DA:38,1
DA:40,1
DA:41,0
DA:43,1
LF:30
LH:27
BRDA:26,0,0,0
BRDA:40,1,0,0
BRF:2
BRH:0
end_of_record
TN:
SF:src/controllers/network-controller/index.ts
FN:7,networkPost
FN:14,networksGet
FN:20,networksById
FN:34,deleteNetwork
FNF:4
FNH:3
FNDA:0,networkPost
FNDA:1,networksGet
FNDA:1,networksById
FNDA:2,deleteNetwork
DA:2,3
DA:4,3
DA:5,3
DA:7,3
DA:8,0
DA:9,0
DA:10,0
DA:11,0
DA:14,3
DA:15,1
DA:16,1
DA:17,1
DA:20,3
DA:21,1
DA:22,1
DA:23,1
DA:24,1
DA:25,0
DA:27,1
DA:28,0
DA:30,1
DA:34,3
DA:35,2
DA:36,2
DA:38,2
DA:39,2
DA:40,1
DA:42,1
DA:43,0
DA:45,1
LF:30
LH:23
BRDA:27,0,0,0
BRDA:42,1,0,0
BRF:2
BRH:0
end_of_record
TN:
SF:src/controllers/user-controller/index.ts
FN:5,signInPost
FN:16,createUser
FNF:2
FNH:2
FNDA:17,signInPost
FNDA:1,createUser
DA:1,3
DA:3,3
DA:5,3
DA:6,17
DA:7,17
DA:8,17
DA:9,14
DA:11,3
DA:12,3
DA:16,3
DA:17,1
DA:18,1
DA:19,1
DA:20,1
DA:25,0
LF:15
LH:14
BRF:0
BRH:0
end_of_record
TN:
SF:src/errors/conflict-error.ts
FN:3,conflictError
FNF:1
FNH:0
FNDA:0,conflictError
DA:3,3
DA:4,0
LF:2
LH:1
BRF:0
BRH:0
end_of_record
TN:
SF:src/errors/forbidden-error.ts
FN:3,forbiddenError
FNF:1
FNH:0
FNDA:0,forbiddenError
DA:3,3
DA:4,0
LF:2
LH:1
BRF:0
BRH:0
end_of_record
TN:
SF:src/errors/index.ts
FNF:0
FNH:0
DA:1,3
DA:2,3
DA:3,3
DA:4,3
DA:5,3
DA:6,3
DA:7,3
LF:7
LH:7
BRF:0
BRH:0
end_of_record
TN:
SF:src/errors/invalid-data-error.ts
FN:3,invalidDataError
FNF:1
FNH:1
FNDA:6,invalidDataError
DA:3,3
DA:6,6
LF:2
LH:2
BRF:0
BRH:0
end_of_record
TN:
SF:src/errors/invalid-email-error.ts
FN:3,invalidEmailError
FNF:1
FNH:0
FNDA:0,invalidEmailError
DA:3,3
DA:4,0
LF:2
LH:1
BRF:0
BRH:0
end_of_record
TN:
SF:src/errors/not-found-error.ts
FN:3,notFoundError
FNF:1
FNH:1
FNDA:4,notFoundError
DA:3,3
DA:4,4
LF:2
LH:2
BRF:0
BRH:0
end_of_record
TN:
SF:src/errors/request-error.ts
FN:3,requestError
FNF:1
FNH:0
FNDA:0,requestError
DA:3,3
DA:4,0
LF:2
LH:1
BRF:0
BRH:0
end_of_record
TN:
SF:src/errors/unauthorized-error.ts
FN:3,unauthorizedError
FNF:1
FNH:1
FNDA:20,unauthorizedError
DA:3,3
DA:4,20
LF:2
LH:2
BRF:0
BRH:0
end_of_record
TN:
SF:src/middlewares/authentication-middleware.ts
FN:7,authenticateToken
FN:31,generateUnauthorizedResponse
FNF:2
FNH:2
FNDA:29,authenticateToken
FNDA:17,generateUnauthorizedResponse
DA:2,3
DA:3,3
DA:5,3
DA:7,3
DA:12,29
DA:13,29
DA:15,21
DA:16,21
DA:18,21
DA:19,21
DA:21,12
DA:23,12
DA:25,12
DA:27,9
DA:32,17
LF:15
LH:15
BRDA:13,0,0,8
BRDA:16,1,0,0
BRDA:21,2,0,0
BRF:3
BRH:1
end_of_record
TN:
SF:src/middlewares/error-handling-middleware.ts
FN:5,handleApplicationErrors
FNF:1
FNH:0
FNDA:0,handleApplicationErrors
DA:3,3
DA:5,3
DA:10,0
DA:11,0
DA:16,0
DA:17,0
DA:22,0
DA:23,0
DA:28,0
DA:29,0
DA:34,0
DA:35,0
LF:12
LH:2
BRDA:10,0,0,0
BRDA:16,1,0,0
BRDA:16,2,0,0
BRDA:16,2,1,0
BRDA:22,3,0,0
BRDA:28,4,0,0
BRDA:34,5,0,0
BRF:7
BRH:0
end_of_record
TN:
SF:src/middlewares/index.ts
FNF:0
FNH:0
DA:1,3
DA:2,3
DA:3,3
LF:3
LH:3
BRF:0
BRH:0
end_of_record
TN:
SF:src/middlewares/validation-middleware.ts
FN:6,validateBody
FN:10,validateParams
FN:16,validate
FN:17,(anonymous_4)
FN:27,(anonymous_5)
FNF:5
FNH:4
FNDA:12,validateBody
FNDA:0,validateParams
FNDA:12,validate
FNDA:25,(anonymous_4)
FNDA:17,(anonymous_5)
DA:1,3
DA:3,3
DA:6,3
DA:7,12
DA:10,3
DA:13,0
DA:17,12
DA:18,25
DA:22,25
DA:23,19
DA:25,6
DA:27,17
LF:12
LH:11
BRDA:22,0,0,19
BRDA:22,0,1,6
BRF:2
BRH:2
end_of_record
TN:
SF:src/repositories/credential-repository/index.ts
FN:5,getCredential
FN:10,getUserCredentials
FN:15,uniqueTitle
FN:25,createCredential
FN:33,deleteCredential
FNF:5
FNH:5
FNDA:4,getCredential
FNDA:1,getUserCredentials
FNDA:1,uniqueTitle
FNDA:1,createCredential
FNDA:1,deleteCredential
DA:2,3
DA:3,3
DA:6,4
DA:11,1
DA:16,1
DA:19,1
DA:20,0
DA:22,1
DA:26,1
DA:30,1
DA:34,1
DA:39,1
DA:41,3
DA:49,3
LF:14
LH:13
BRDA:19,0,0,0
BRF:1
BRH:0
end_of_record
TN:
SF:src/repositories/network-repository/index.ts
FN:5,getNetwork
FN:10,getUserNetworks
FN:16,createNetwork
FN:24,deleteNetwork
FNF:4
FNH:3
FNDA:3,getNetwork
FNDA:1,getUserNetworks
FNDA:0,createNetwork
FNDA:1,deleteNetwork
DA:1,3
DA:6,3
DA:11,1
DA:17,0
DA:21,0
DA:25,1
DA:31,3
DA:38,3
LF:8
LH:6
BRF:0
BRH:0
end_of_record
TN:
SF:src/repositories/user-repository/index.ts
FN:3,findByEmail
FN:10,create
FNF:2
FNH:2
FNDA:18,findByEmail
FNDA:1,create
DA:2,3
DA:4,18
DA:7,18
DA:11,1
DA:15,3
DA:20,3
LF:6
LH:6
BRF:0
BRH:0
end_of_record
TN:
SF:src/routers/credential-router.ts
FNF:0
FNH:0
DA:1,3
DA:2,3
DA:3,3
DA:9,3
DA:10,3
DA:12,3
DA:13,3
DA:19,3
LF:8
LH:8
BRF:0
BRH:0
end_of_record
TN:
SF:src/routers/index.ts
FNF:0
FNH:0
DA:1,3
DA:2,3
DA:3,3
LF:3
LH:3
BRF:0
BRH:0
end_of_record
TN:
SF:src/routers/network-router.ts
FNF:0
FNH:0
DA:1,3
DA:2,3
DA:8,3
DA:9,3
DA:11,3
DA:12,3
DA:18,3
LF:7
LH:7
BRF:0
BRH:0
end_of_record
TN:
SF:src/routers/user-router.ts
FNF:0
FNH:0
DA:1,3
DA:2,3
DA:3,3
DA:4,3
DA:6,3
DA:7,3
DA:8,3
DA:10,3
LF:8
LH:8
BRF:0
BRH:0
end_of_record
TN:
SF:src/schemas/credential-schema.ts
FNF:0
FNH:0
DA:2,3
DA:4,3
LF:2
LH:2
BRF:0
BRH:0
end_of_record
TN:
SF:src/schemas/network-schema.ts
FNF:0
FNH:0
DA:2,3
DA:4,3
LF:2
LH:2
BRF:0
BRH:0
end_of_record
TN:
SF:src/schemas/user-schema.ts
FNF:0
FNH:0
DA:2,3
DA:4,3
LF:2
LH:2
BRF:0
BRH:0
end_of_record
TN:
SF:src/services/credential-service/index.ts
FN:10,newCredential
FN:24,showCredentials
FN:27,(anonymous_3)
FN:32,showCredentialById
FN:39,deleteCredential
FNF:5
FNH:4
FNDA:1,newCredential
FNDA:1,showCredentials
FNDA:0,(anonymous_3)
FNDA:4,showCredentialById
FNDA:2,deleteCredential
DA:1,3
DA:2,3
DA:7,3
DA:8,3
DA:11,1
DA:12,1
DA:13,0
DA:16,1
DA:17,1
DA:18,1
DA:25,1
DA:27,1
DA:28,0
DA:33,4
DA:34,4
DA:35,2
DA:37,2
DA:40,2
DA:41,1
DA:42,0
DA:44,1
DA:46,3
DA:52,3
LF:23
LH:20
BRDA:12,0,0,0
BRDA:34,1,0,2
BRDA:41,2,0,0
BRF:3
BRH:1
end_of_record
TN:
SF:src/services/network-service/index.ts
FN:8,newNetwork
FN:17,showNetworks
FN:20,(anonymous_3)
FN:25,showNetworkById
FN:32,deleteNetwork
FNF:5
FNH:3
FNDA:0,newNetwork
FNDA:1,showNetworks
FNDA:0,(anonymous_3)
FNDA:3,showNetworkById
FNDA:2,deleteNetwork
DA:1,3
DA:2,3
DA:6,3
DA:9,0
DA:10,0
DA:11,0
DA:18,1
DA:20,1
DA:21,0
DA:26,3
DA:27,3
DA:28,2
DA:30,1
DA:33,2
DA:34,1
DA:36,3
DA:42,3
LF:17
LH:13
BRDA:27,0,0,2
BRF:1
BRH:1
end_of_record
TN:
SF:src/services/user-service/index.ts
FN:10,createUser
FN:20,checkEmail
FN:28,checkExistingEmail
FN:35,checkPassword
FN:41,signIn
FNF:5
FNH:5
FNDA:1,createUser
FNDA:1,checkEmail
FNDA:17,checkExistingEmail
FNDA:15,checkPassword
FNDA:17,signIn
DA:1,3
DA:2,3
DA:4,3
DA:5,3
DA:11,1
DA:12,1
DA:13,1
DA:14,1
DA:21,1
DA:22,1
DA:23,0
DA:24,0
DA:26,1
DA:29,17
DA:30,17
DA:31,2
DA:33,15
DA:36,15
DA:37,15
DA:38,1
DA:42,17
DA:43,17
DA:44,15
DA:45,14
DA:49,14
DA:51,3
DA:52,3
LF:27
LH:25
BRDA:22,0,0,0
BRDA:30,1,0,2
BRDA:37,2,0,1
BRF:3
BRH:2
end_of_record
TN:
SF:src/utils/cryptrUtil.ts
FN:3,passwordCryptr
FNF:1
FNH:1
FNDA:1,passwordCryptr
DA:1,3
DA:3,3
DA:4,1
DA:5,1
DA:6,1
DA:7,1
LF:6
LH:6
BRF:0
BRH:0
end_of_record
TN:
SF:tests/helper.ts
FN:6,cleanDb
FN:12,generateValidToken
FNF:2
FNH:1
FNDA:31,cleanDb
FNDA:0,generateValidToken
DA:1,3
DA:3,3
DA:4,3
DA:6,3
DA:7,31
DA:8,31
DA:9,31
DA:12,3
DA:13,0
DA:14,0
DA:16,0
LF:11
LH:8
BRDA:13,0,0,0
BRDA:13,0,1,0
BRF:2
BRH:0
end_of_record
TN:
SF:tests/factories/credentials-factory.ts
FN:11,createCredential
FNF:1
FNH:1
FNDA:5,createCredential
DA:2,1
DA:4,1
DA:5,1
DA:9,1
DA:11,1
DA:12,5
LF:6
LH:6
BRF:0
BRH:0
end_of_record
TN:
SF:tests/factories/newtworks-factory.ts
FN:9,createNetwork
FNF:1
FNH:1
FNDA:4,createNetwork
DA:2,1
DA:4,1
DA:5,1
DA:7,1
DA:9,1
DA:10,4
LF:6
LH:6
BRF:0
BRH:0
end_of_record
TN:
SF:tests/factories/users-factoryr.ts
FN:6,createUser
FNF:1
FNH:1
FNDA:16,createUser
DA:1,3
DA:2,3
DA:4,3
DA:6,3
DA:7,16
DA:8,16
DA:10,16
LF:7
LH:7
BRDA:6,0,0,0
BRDA:7,1,0,16
BRDA:7,1,1,0
BRDA:12,2,0,16
BRDA:12,2,1,0
BRF:5
BRH:2
end_of_record
