TN:
SF:src/app.ts
FN:18,(anonymous_1)
FN:24,init
FN:29,close
FNF:3
FNH:1
FNDA:0,(anonymous_1)
FNDA:3,init
FNDA:0,close
DA:1,3
DA:2,3
DA:3,3
DA:4,3
DA:6,3
DA:8,3
DA:10,3
DA:11,3
DA:12,3
DA:14,3
DA:15,3
DA:18,0
DA:24,3
DA:25,3
DA:26,3
DA:29,3
DA:30,0
DA:33,3
LF:18
LH:16
BRF:0
BRH:0
end_of_record
TN:
SF:src/server.ts
FN:4,(anonymous_6)
FN:5,(anonymous_7)
FNF:2
FNH:0
FNDA:0,(anonymous_6)
FNDA:0,(anonymous_7)
DA:1,0
DA:2,0
DA:4,0
DA:5,0
DA:7,0
LF:5
LH:0
BRDA:2,0,0,0
BRDA:2,0,1,0
BRF:2
BRH:0
end_of_record
TN:
SF:src/config/database.ts
FN:4,connectDb
FN:8,disconnectDB
FNF:2
FNH:1
FNDA:3,connectDb
FNDA:0,disconnectDB
DA:1,3
DA:4,3
DA:5,3
DA:8,3
DA:9,0
LF:5
LH:4
BRF:0
BRH:0
end_of_record
TN:
SF:src/config/envs.ts
FN:4,loadEnv
FNF:1
FNH:1
FNDA:6,loadEnv
DA:1,3
DA:2,3
DA:4,3
DA:6,6
DA:12,6
DA:13,6
LF:6
LH:6
BRDA:6,0,0,6
BRDA:6,0,1,0
BRDA:8,1,0,0
BRDA:8,1,1,0
BRF:4
BRH:1
end_of_record
TN:
SF:src/config/index.ts
FNF:0
FNH:0
DA:1,3
DA:2,3
LF:2
LH:2
BRF:0
BRH:0
end_of_record
TN:
SF:src/controllers/credential-controller/index.ts
FN:7,credentialPost
FN:14,credentialsGet
FN:19,credentialsById
FN:33,deleteCredentialbyId
FNF:4
FNH:4
FNDA:1,credentialPost
FNDA:1,credentialsGet
FNDA:2,credentialsById
FNDA:2,deleteCredentialbyId
DA:2,3
DA:4,3
DA:5,3
DA:7,3
DA:8,1
DA:9,1
DA:10,1
DA:11,1
DA:14,3
DA:15,1
DA:16,1
DA:17,1
DA:19,3
DA:20,2
DA:21,2
DA:22,2
DA:23,2
DA:24,1
DA:26,1
DA:27,0
DA:29,1
DA:33,3
DA:34,2
DA:35,2
DA:36,2
DA:37,2
DA:38,1
DA:40,1
DA:41,0
DA:43,1
LF:30
LH:28
BRDA:26,0,0,0
BRDA:40,1,0,0
BRF:2
BRH:0
end_of_record
TN:
SF:src/controllers/network-controller/index.ts
FN:7,networkPost
FN:14,networksGet
FN:20,networksById
FN:31,deleteNetwork
FNF:4
FNH:4
FNDA:1,networkPost
FNDA:1,networksGet
FNDA:2,networksById
FNDA:4,deleteNetwork
DA:2,3
DA:4,3
DA:7,3
DA:8,1
DA:9,1
DA:10,1
DA:11,1
DA:14,3
DA:15,1
DA:16,1
DA:17,1
DA:20,3
DA:21,2
DA:22,2
DA:23,2
DA:24,2
DA:25,1
DA:27,1
DA:31,3
DA:32,4
DA:33,4
DA:35,4
DA:36,4
DA:37,1
DA:39,3
LF:25
LH:25
BRF:0
BRH:0
end_of_record
TN:
SF:src/controllers/user-controller/index.ts
FN:5,signInPost
FN:15,createUser
FNF:2
FNH:2
FNDA:20,signInPost
FNDA:1,createUser
DA:1,3
DA:3,3
DA:5,3
DA:6,20
DA:7,20
DA:8,20
DA:9,18
DA:11,2
DA:15,3
DA:16,1
DA:17,1
DA:18,1
DA:19,1
DA:24,0
LF:14
LH:13
BRF:0
BRH:0
end_of_record
TN:
SF:src/errors/conflict-error.ts
FN:3,conflictError
FNF:1
FNH:0
FNDA:0,conflictError
DA:3,3
DA:4,0
LF:2
LH:1
BRF:0
BRH:0
end_of_record
TN:
SF:src/errors/forbidden-error.ts
FN:3,forbiddenError
FNF:1
FNH:0
FNDA:0,forbiddenError
DA:3,3
DA:4,0
LF:2
LH:1
BRF:0
BRH:0
end_of_record
TN:
SF:src/errors/index.ts
FNF:0
FNH:0
DA:1,3
DA:2,3
DA:3,3
DA:4,3
DA:5,3
DA:6,3
DA:7,3
LF:7
LH:7
BRF:0
BRH:0
end_of_record
TN:
SF:src/errors/invalid-data-error.ts
FN:3,invalidDataError
FNF:1
FNH:1
FNDA:6,invalidDataError
DA:3,3
DA:6,6
LF:2
LH:2
BRF:0
BRH:0
end_of_record
TN:
SF:src/errors/invalid-email-error.ts
FN:3,invalidEmailError
FNF:1
FNH:0
FNDA:0,invalidEmailError
DA:3,3
DA:4,0
LF:2
LH:1
BRF:0
BRH:0
end_of_record
TN:
SF:src/errors/not-found-error.ts
FN:3,notFoundError
FNF:1
FNH:1
FNDA:6,notFoundError
DA:3,3
DA:4,6
LF:2
LH:2
BRF:0
BRH:0
end_of_record
TN:
SF:src/errors/request-error.ts
FN:3,requestError
FNF:1
FNH:0
FNDA:0,requestError
DA:3,3
DA:4,0
LF:2
LH:1
BRF:0
BRH:0
end_of_record
TN:
SF:src/errors/unauthorized-error.ts
FN:3,unauthorizedError
FNF:1
FNH:1
FNDA:18,unauthorizedError
DA:3,3
DA:4,18
LF:2
LH:2
BRF:0
BRH:0
end_of_record
TN:
SF:src/middlewares/authentication-middleware.ts
FN:7,authenticateToken
FN:31,generateUnauthorizedResponse
FNF:2
FNH:2
FNDA:32,authenticateToken
FNDA:16,generateUnauthorizedResponse
DA:2,3
DA:3,3
DA:5,3
DA:7,3
DA:12,32
DA:13,32
DA:15,24
DA:16,24
DA:18,24
DA:19,24
DA:21,16
DA:23,16
DA:25,16
DA:27,8
DA:32,16
LF:15
LH:15
BRDA:13,0,0,8
BRDA:16,1,0,0
BRDA:21,2,0,0
BRF:3
BRH:1
end_of_record
TN:
SF:src/middlewares/error-handling-middleware.ts
FN:5,handleApplicationErrors
FNF:1
FNH:0
FNDA:0,handleApplicationErrors
DA:3,3
DA:5,3
DA:10,0
DA:11,0
DA:16,0
DA:17,0
DA:22,0
DA:23,0
DA:28,0
DA:29,0
DA:34,0
DA:35,0
LF:12
LH:2
BRDA:10,0,0,0
BRDA:16,1,0,0
BRDA:16,2,0,0
BRDA:16,2,1,0
BRDA:22,3,0,0
BRDA:28,4,0,0
BRDA:34,5,0,0
BRF:7
BRH:0
end_of_record
TN:
SF:src/middlewares/index.ts
FNF:0
FNH:0
DA:1,3
DA:2,3
DA:3,3
LF:3
LH:3
BRF:0
BRH:0
end_of_record
TN:
SF:src/middlewares/validation-middleware.ts
FN:6,validateBody
FN:10,validateParams
FN:16,validate
FN:17,(anonymous_4)
FN:27,(anonymous_5)
FNF:5
FNH:4
FNDA:12,validateBody
FNDA:0,validateParams
FNDA:12,validate
FNDA:29,(anonymous_4)
FNDA:17,(anonymous_5)
DA:1,3
DA:3,3
DA:6,3
DA:7,12
DA:10,3
DA:13,0
DA:17,12
DA:18,29
DA:22,29
DA:23,23
DA:25,6
DA:27,17
LF:12
LH:11
BRDA:22,0,0,23
BRDA:22,0,1,6
BRF:2
BRH:2
end_of_record
TN:
SF:src/repositories/index.ts
FNF:0
FNH:0
DA:1,0
LF:1
LH:0
BRF:0
BRH:0
end_of_record
TN:
SF:src/repositories/credential-repository/index.ts
FN:5,getCredential
FN:10,getUserCredentials
FN:15,uniqueTitle
FN:25,createCredential
FN:33,deleteCredential
FNF:5
FNH:5
FNDA:4,getCredential
FNDA:1,getUserCredentials
FNDA:1,uniqueTitle
FNDA:1,createCredential
FNDA:1,deleteCredential
DA:2,3
DA:3,3
DA:6,4
DA:11,1
DA:16,1
DA:19,1
DA:20,0
DA:22,1
DA:26,1
DA:30,1
DA:34,1
DA:39,1
DA:41,3
DA:49,3
LF:14
LH:13
BRDA:19,0,0,0
BRF:1
BRH:0
end_of_record
TN:
SF:src/repositories/network-repository/index.ts
FN:5,getNetwork
FN:10,getUserNetworks
FN:16,createNetwork
FN:24,deleteNetwork
FNF:4
FNH:4
FNDA:6,getNetwork
FNDA:1,getUserNetworks
FNDA:1,createNetwork
FNDA:1,deleteNetwork
DA:1,3
DA:6,6
DA:11,1
DA:17,1
DA:21,1
DA:25,1
DA:31,3
DA:38,3
LF:8
LH:8
BRF:0
BRH:0
end_of_record
TN:
SF:src/repositories/user-repository/index.ts
FN:3,findByEmail
FN:10,create
FNF:2
FNH:2
FNDA:21,findByEmail
FNDA:1,create
DA:2,3
DA:4,21
DA:7,21
DA:11,1
DA:15,3
DA:20,3
LF:6
LH:6
BRF:0
BRH:0
end_of_record
TN:
SF:src/routers/credential-router.ts
FNF:0
FNH:0
DA:1,3
DA:2,3
DA:3,3
DA:9,3
DA:10,3
DA:12,3
DA:13,3
DA:19,3
LF:8
LH:8
BRF:0
BRH:0
end_of_record
TN:
SF:src/routers/index.ts
FNF:0
FNH:0
DA:1,3
DA:2,3
DA:3,3
LF:3
LH:3
BRF:0
BRH:0
end_of_record
TN:
SF:src/routers/network-router.ts
FNF:0
FNH:0
DA:1,3
DA:2,3
DA:8,3
DA:9,3
DA:11,3
DA:12,3
DA:18,3
LF:7
LH:7
BRF:0
BRH:0
end_of_record
TN:
SF:src/routers/user-router.ts
FNF:0
FNH:0
DA:1,3
DA:2,3
DA:3,3
DA:4,3
DA:6,3
DA:7,3
DA:8,3
DA:10,3
LF:8
LH:8
BRF:0
BRH:0
end_of_record
TN:
SF:src/schemas/credential-schema.ts
FNF:0
FNH:0
DA:2,3
DA:4,3
LF:2
LH:2
BRF:0
BRH:0
end_of_record
TN:
SF:src/schemas/network-schema.ts
FNF:0
FNH:0
DA:2,3
DA:4,3
LF:2
LH:2
BRF:0
BRH:0
end_of_record
TN:
SF:src/schemas/user-schema.ts
FNF:0
FNH:0
DA:2,3
DA:4,3
LF:2
LH:2
BRF:0
BRH:0
end_of_record
TN:
SF:src/services/index.ts
FNF:0
FNH:0
DA:1,0
DA:2,0
DA:3,0
LF:3
LH:0
BRF:0
BRH:0
end_of_record
TN:
SF:src/services/credential-service/index.ts
FN:10,newCredential
FN:23,showCredentials
FN:26,(anonymous_3)
FN:31,showCredentialById
FN:38,deleteCredential
FNF:5
FNH:5
FNDA:1,newCredential
FNDA:1,showCredentials
FNDA:1,(anonymous_3)
FNDA:4,showCredentialById
FNDA:2,deleteCredential
DA:1,3
DA:2,3
DA:7,3
DA:8,3
DA:11,1
DA:12,1
DA:13,0
DA:16,1
DA:17,1
DA:24,1
DA:26,1
DA:27,1
DA:32,4
DA:33,4
DA:34,2
DA:36,2
DA:39,2
DA:40,1
DA:41,0
DA:43,1
DA:45,3
DA:51,3
LF:22
LH:20
BRDA:12,0,0,0
BRDA:33,1,0,2
BRDA:40,2,0,0
BRF:3
BRH:1
end_of_record
TN:
SF:src/services/network-service/index.ts
FN:8,newNetwork
FN:16,showNetworks
FN:19,(anonymous_3)
FN:24,showNetworkById
FN:31,deleteNetwork
FNF:5
FNH:5
FNDA:1,newNetwork
FNDA:1,showNetworks
FNDA:1,(anonymous_3)
FNDA:6,showNetworkById
FNDA:4,deleteNetwork
DA:1,3
DA:2,3
DA:6,3
DA:9,1
DA:10,1
DA:17,1
DA:19,1
DA:20,1
DA:25,6
DA:26,6
DA:27,4
DA:29,2
DA:32,4
DA:33,1
DA:35,3
DA:41,3
LF:16
LH:16
BRDA:26,0,0,4
BRF:1
BRH:1
end_of_record
TN:
SF:src/services/user-service/index.ts
FN:10,createUser
FN:20,checkEmail
FN:28,checkExistingEmail
FN:35,checkPassword
FN:41,signIn
FNF:5
FNH:5
FNDA:1,createUser
FNDA:1,checkEmail
FNDA:20,checkExistingEmail
FNDA:19,checkPassword
FNDA:20,signIn
DA:1,3
DA:2,3
DA:4,3
DA:5,3
DA:11,1
DA:12,1
DA:13,1
DA:14,1
DA:21,1
DA:22,1
DA:23,0
DA:24,0
DA:26,1
DA:29,20
DA:30,20
DA:31,1
DA:33,19
DA:36,19
DA:37,19
DA:38,1
DA:42,20
DA:43,20
DA:44,19
DA:45,18
DA:49,18
DA:51,3
DA:52,3
LF:27
LH:25
BRDA:22,0,0,0
BRDA:30,1,0,1
BRDA:37,2,0,1
BRF:3
BRH:2
end_of_record
TN:
SF:src/utils/cryptrUtil.ts
FN:3,passwordCryptr
FNF:1
FNH:1
FNDA:2,passwordCryptr
DA:1,3
DA:3,3
DA:4,2
DA:5,2
DA:6,2
DA:7,2
LF:6
LH:6
BRF:0
BRH:0
end_of_record
